<?xml version="1.0" ?>
<!DOCTYPE coverage SYSTEM "http://cobertura.sourceforge.net/xml/coverage-04.dtd">
<coverage lines-valid="45" lines-covered="31" line-rate="0.6889" branches-valid="27" branches-covered="18" branch-rate="0.6667000000000001" timestamp="1602095197588" complexity="0" version="0.1">
  <sources>
    <source>/Users/piotr.karpala/projects/github/kattis-js-ecma2016</source>
  </sources>
  <packages>
    <class name="index.js" filename="index.js" line-rate="0.6889" branch-rate="0.6667000000000001">
      <methods>
        <method name="solution" hits="3" signature="()V">
          <lines>
            <line number="7" hits="3"/>
          </lines>
        </method>
        <method name="(anonymous_1)" hits="51" signature="()V">
          <lines>
            <line number="27" hits="51"/>
          </lines>
        </method>
        <method name="(anonymous_2)" hits="134" signature="()V">
          <lines>
            <line number="29" hits="134"/>
          </lines>
        </method>
        <method name="(anonymous_3)" hits="51" signature="()V">
          <lines>
            <line number="35" hits="51"/>
          </lines>
        </method>
        <method name="(anonymous_4)" hits="10" signature="()V">
          <lines>
            <line number="36" hits="10"/>
          </lines>
        </method>
        <method name="(anonymous_5)" hits="13" signature="()V">
          <lines>
            <line number="37" hits="13"/>
          </lines>
        </method>
        <method name="init" hits="3" signature="()V">
          <lines>
            <line number="49" hits="3"/>
          </lines>
        </method>
        <method name="(anonymous_7)" hits="0" signature="()V">
          <lines>
            <line number="68" hits="0"/>
          </lines>
        </method>
        <method name="(anonymous_8)" hits="0" signature="()V">
          <lines>
            <line number="76" hits="0"/>
          </lines>
        </method>
        <method name="(anonymous_9)" hits="0" signature="()V">
          <lines>
            <line number="77" hits="0"/>
          </lines>
        </method>
        <method name="(anonymous_10)" hits="0" signature="()V">
          <lines>
            <line number="91" hits="0"/>
          </lines>
        </method>
        <method name="log" hits="6" signature="()V">
          <lines>
            <line number="96" hits="6"/>
          </lines>
        </method>
      </methods>
      <lines>
        <line number="8" hits="3" branch="false"/>
        <line number="9" hits="3" branch="false"/>
        <line number="10" hits="3" branch="false"/>
        <line number="11" hits="3" branch="false"/>
        <line number="13" hits="3" branch="false"/>
        <line number="15" hits="3" branch="false"/>
        <line number="17" hits="3" branch="false"/>
        <line number="18" hits="24" branch="false"/>
        <line number="19" hits="300" branch="false"/>
        <line number="20" hits="300" branch="false"/>
        <line number="22" hits="300" branch="true" condition-coverage="100% (2/2)"/>
        <line number="25" hits="3" branch="false"/>
        <line number="27" hits="51" branch="false"/>
        <line number="29" hits="134" branch="false"/>
        <line number="30" hits="3" branch="false"/>
        <line number="34" hits="3" branch="false"/>
        <line number="35" hits="51" branch="false"/>
        <line number="36" hits="10" branch="false"/>
        <line number="37" hits="13" branch="false"/>
        <line number="39" hits="3" branch="false"/>
        <line number="43" hits="1" branch="true" condition-coverage="75% (3/4)"/>
        <line number="44" hits="0" branch="false"/>
        <line number="52" hits="3" branch="true" condition-coverage="50% (1/2)"/>
        <line number="53" hits="3" branch="false"/>
        <line number="54" hits="3" branch="false"/>
        <line number="59" hits="1" branch="true" condition-coverage="80% (4/5)"/>
        <line number="60" hits="0" branch="false"/>
        <line number="61" hits="0" branch="false"/>
        <line number="63" hits="0" branch="false"/>
        <line number="68" hits="0" branch="false"/>
        <line number="69" hits="0" branch="false"/>
        <line number="71" hits="0" branch="true" condition-coverage="0% (0/2)"/>
        <line number="72" hits="0" branch="false"/>
        <line number="76" hits="0" branch="false"/>
        <line number="77" hits="0" branch="false"/>
        <line number="79" hits="0" branch="false"/>
        <line number="84" hits="1" branch="true" condition-coverage="50% (1/2)"/>
        <line number="90" hits="0" branch="false"/>
        <line number="91" hits="0" branch="false"/>
        <line number="93" hits="0" branch="false"/>
        <line number="97" hits="6" branch="true" condition-coverage="75% (3/4)"/>
        <line number="98" hits="6" branch="false"/>
        <line number="102" hits="1" branch="true" condition-coverage="50% (1/2)"/>
        <line number="103" hits="1" branch="false"/>
        <line number="104" hits="1" branch="false"/>
      </lines>
    </class>
  </packages>
</coverage>
