TN:
SF:index.js
FN:7,solution
FN:27,(anonymous_1)
FN:29,(anonymous_2)
FN:35,(anonymous_3)
FN:36,(anonymous_4)
FN:37,(anonymous_5)
FN:49,init
FN:68,(anonymous_7)
FN:76,(anonymous_8)
FN:77,(anonymous_9)
FN:91,(anonymous_10)
FN:96,log
FNF:12
FNH:8
FNDA:3,solution
FNDA:51,(anonymous_1)
FNDA:134,(anonymous_2)
FNDA:51,(anonymous_3)
FNDA:10,(anonymous_4)
FNDA:13,(anonymous_5)
FNDA:3,init
FNDA:0,(anonymous_7)
FNDA:0,(anonymous_8)
FNDA:0,(anonymous_9)
FNDA:0,(anonymous_10)
FNDA:6,log
DA:8,3
DA:9,3
DA:10,3
DA:11,3
DA:13,3
DA:15,3
DA:17,3
DA:18,24
DA:19,300
DA:20,300
DA:22,300
DA:25,3
DA:27,51
DA:29,134
DA:30,3
DA:34,3
DA:35,51
DA:36,10
DA:37,13
DA:39,3
DA:43,1
DA:44,0
DA:52,3
DA:53,3
DA:54,3
DA:59,1
DA:60,0
DA:61,0
DA:63,0
DA:68,0
DA:69,0
DA:71,0
DA:72,0
DA:76,0
DA:77,0
DA:79,0
DA:84,1
DA:90,0
DA:91,0
DA:93,0
DA:97,6
DA:98,6
DA:102,1
DA:103,1
DA:104,1
LF:45
LH:31
BRDA:22,0,0,300
BRDA:22,0,1,51
BRDA:43,1,0,0
BRDA:43,1,1,1
BRDA:43,2,0,1
BRDA:43,2,1,1
BRDA:52,3,0,3
BRDA:52,3,1,0
BRDA:59,4,0,0
BRDA:59,4,1,1
BRDA:59,5,0,1
BRDA:59,5,1,1
BRDA:59,5,2,1
BRDA:71,6,0,0
BRDA:71,6,1,0
BRDA:84,7,0,0
BRDA:84,7,1,1
BRDA:85,8,0,1
BRDA:85,8,1,1
BRDA:85,8,2,1
BRDA:85,8,3,0
BRDA:97,9,0,6
BRDA:97,9,1,0
BRDA:97,10,0,6
BRDA:97,10,1,6
BRDA:102,11,0,1
BRDA:102,11,1,0
BRF:27
BRH:18
end_of_record
